<?xml version="1.0" encoding="UTF-8"?><testsuite errors="0" failures="1" name="com.tests.Test_Login" skipped="0" tests="1" time="13.19" timestamp="2020-04-120 03:37:21"><testcase classname="com.tests.Test_Login" name="Login test"><failure message="account creation failed expected:&lt;[My account] - My Store&gt; but was:&lt;[Login] - My Store&gt;" type="org.junit.ComparisonFailure">account creation failed expected:&lt;[My account] - My Store&gt; but was:&lt;[Login] - My Store&gt;</failure><system-err>account creation failed expected:&lt;[My account] - My Store&gt; but was:&lt;[Login] - My Store&gt;&#13;
com.steps.CreateAccountSteps.verifyUserOnAccountPage(CreateAccountSteps.java:52)&#13;
com.tests.Test_Login.loginTest(Test_Login.java:33)&#13;
</system-err></testcase></testsuite>