<?xml version="1.0" encoding="UTF-8"?><testsuite errors="0" failures="1" name="com.tests.Test_UpdateCartAndVerifyBehavior" skipped="0" tests="1" time="24.22" timestamp="2018-07-10T19:42:31.333399400+03:00[Europe/Athens]"><testcase classname="com.tests.Test_UpdateCartAndVerifyBehavior" name="Test  manipulate cart"><failure message="The number was not refreshed" type="junit.framework.AssertionFailedError">The number was not refreshed</failure><system-err>The number was not refreshed&#13;
junit.framework.Assert.fail(Assert.java:57)&#13;
junit.framework.Assert.assertTrue(Assert.java:22)&#13;
com.steps.ProductDetailsSteps.verifyNumberOfProducts(ProductDetailsSteps.java:38)&#13;
com.tests.Test_UpdateCartAndVerifyBehavior.test_ManipulateCart(Test_UpdateCartAndVerifyBehavior.java:48)&#13;
java.base/jdk.internal.reflect.NativeMethodAccessorImpl.invoke0(Native Method)&#13;
java.base/jdk.internal.reflect.NativeMethodAccessorImpl.invoke(NativeMethodAccessorImpl.java:62)&#13;
java.base/jdk.internal.reflect.DelegatingMethodAccessorImpl.invoke(DelegatingMethodAccessorImpl.java:43)&#13;
org.eclipse.jdt.internal.junit4.runner.JUnit4TestReference.run(JUnit4TestReference.java:86)&#13;
org.eclipse.jdt.internal.junit.runner.TestExecution.run(TestExecution.java:38)&#13;
org.eclipse.jdt.internal.junit.runner.RemoteTestRunner.runTests(RemoteTestRunner.java:538)&#13;
org.eclipse.jdt.internal.junit.runner.RemoteTestRunner.runTests(RemoteTestRunner.java:760)&#13;
org.eclipse.jdt.internal.junit.runner.RemoteTestRunner.run(RemoteTestRunner.java:460)&#13;
org.eclipse.jdt.internal.junit.runner.RemoteTestRunner.main(RemoteTestRunner.java:206)&#13;
</system-err></testcase></testsuite>