<?xml version="1.0" encoding="UTF-8"?><testsuite errors="1" failures="0" name="com.tests.Test_SignedInUserCompletesPurchaseBankWirePaymentMethod" skipped="0" tests="1" time="19.17" timestamp="2019-03-75 08:54:02"><testcase classname="com.tests.Test_SignedInUserCompletesPurchaseBankWirePaymentMethod" name="Test  signed in user completes purchase bank wire payment method"><error message="element not visible&#10;  (Session info: chrome=73.0.3683.75)&#10;  (Driver info: chromedriver=2.41.578700 (2f1ed5f9343c13f73144538f15c00b370eda6706),platform=Linux 4.15.0-46-generic x86_64) (WARNING: The server did not provide any stacktrace information)&#10;Command duration or timeout: 17 milliseconds&#10;Build info: version: '3.0.1', revision: '1969d75', time: '2016-10-18 09:49:13 -0700'&#10;System info: host: 'tibi-HP-Pavilion-Notebook', ip: '127.0.1.1', os.name: 'Linux', os.arch: 'amd64', os.version: '4.15.0-46-generic', java.version: '10.0.2'&#10;Driver info: org.openqa.selenium.remote.RemoteWebDriver&#10;Capabilities [{mobileEmulationEnabled=false, hasTouchScreen=false, platform=LINUX, acceptSslCerts=false, goog:chromeOptions={debuggerAddress=localhost:38305}, acceptInsecureCerts=false, webStorageEnabled=true, browserName=chrome, takesScreenshot=true, javascriptEnabled=true, setWindowRect=true, unexpectedAlertBehaviour=, applicationCacheEnabled=false, rotatable=false, networkConnectionEnabled=false, chrome={chromedriverVersion=2.41.578700 (2f1ed5f9343c13f73144538f15c00b370eda6706), userDataDir=/tmp/.org.chromium.Chromium.UMtvjC}, takesHeapSnapshot=true, pageLoadStrategy=normal, databaseEnabled=false, handlesAlerts=true, version=73.0.3683.75, browserConnectionEnabled=false, nativeEvents=true, locationContextEnabled=true, cssSelectorsEnabled=true}]&#10;Session ID: 2b60521fbef180cb1c33565f5cb045ae" type="org.openqa.selenium.ElementNotVisibleException">element not visible
  (Session info: chrome=73.0.3683.75)
  (Driver info: chromedriver=2.41.578700 (2f1ed5f9343c13f73144538f15c00b370eda6706),platform=Linux 4.15.0-46-generic x86_64) (WARNING: The server did not provide any stacktrace information)
Command duration or timeout: 17 milliseconds
Build info: version: '3.0.1', revision: '1969d75', time: '2016-10-18 09:49:13 -0700'
System info: host: 'tibi-HP-Pavilion-Notebook', ip: '127.0.1.1', os.name: 'Linux', os.arch: 'amd64', os.version: '4.15.0-46-generic', java.version: '10.0.2'
Driver info: org.openqa.selenium.remote.RemoteWebDriver
Capabilities [{mobileEmulationEnabled=false, hasTouchScreen=false, platform=LINUX, acceptSslCerts=false, goog:chromeOptions={debuggerAddress=localhost:38305}, acceptInsecureCerts=false, webStorageEnabled=true, browserName=chrome, takesScreenshot=true, javascriptEnabled=true, setWindowRect=true, unexpectedAlertBehaviour=, applicationCacheEnabled=false, rotatable=false, networkConnectionEnabled=false, chrome={chromedriverVersion=2.41.578700 (2f1ed5f9343c13f73144538f15c00b370eda6706), userDataDir=/tmp/.org.chromium.Chromium.UMtvjC}, takesHeapSnapshot=true, pageLoadStrategy=normal, databaseEnabled=false, handlesAlerts=true, version=73.0.3683.75, browserConnectionEnabled=false, nativeEvents=true, locationContextEnabled=true, cssSelectorsEnabled=true}]
Session ID: 2b60521fbef180cb1c33565f5cb045ae</error><system-err>element not visible
  (Session info: chrome=73.0.3683.75)
  (Driver info: chromedriver=2.41.578700 (2f1ed5f9343c13f73144538f15c00b370eda6706),platform=Linux 4.15.0-46-generic x86_64) (WARNING: The server did not provide any stacktrace information)
Command duration or timeout: 17 milliseconds
Build info: version: '3.0.1', revision: '1969d75', time: '2016-10-18 09:49:13 -0700'
System info: host: 'tibi-HP-Pavilion-Notebook', ip: '127.0.1.1', os.name: 'Linux', os.arch: 'amd64', os.version: '4.15.0-46-generic', java.version: '10.0.2'
Driver info: org.openqa.selenium.remote.RemoteWebDriver
Capabilities [{mobileEmulationEnabled=false, hasTouchScreen=false, platform=LINUX, acceptSslCerts=false, goog:chromeOptions={debuggerAddress=localhost:38305}, acceptInsecureCerts=false, webStorageEnabled=true, browserName=chrome, takesScreenshot=true, javascriptEnabled=true, setWindowRect=true, unexpectedAlertBehaviour=, applicationCacheEnabled=false, rotatable=false, networkConnectionEnabled=false, chrome={chromedriverVersion=2.41.578700 (2f1ed5f9343c13f73144538f15c00b370eda6706), userDataDir=/tmp/.org.chromium.Chromium.UMtvjC}, takesHeapSnapshot=true, pageLoadStrategy=normal, databaseEnabled=false, handlesAlerts=true, version=73.0.3683.75, browserConnectionEnabled=false, nativeEvents=true, locationContextEnabled=true, cssSelectorsEnabled=true}]
Session ID: 2b60521fbef180cb1c33565f5cb045ae
java.base/jdk.internal.reflect.NativeConstructorAccessorImpl.newInstance0(Native Method)
java.base/jdk.internal.reflect.NativeConstructorAccessorImpl.newInstance(NativeConstructorAccessorImpl.java:62)
java.base/jdk.internal.reflect.DelegatingConstructorAccessorImpl.newInstance(DelegatingConstructorAccessorImpl.java:45)
com.pages.ProductDetailPage.proceedToCheckout(ProductDetailPage.java:9)
com.steps.ProductDetailsSteps.proceedToCheckout(ProductDetailsSteps.java:20)
com.tests.Test_SignedInUserCompletesPurchaseBankWirePaymentMethod.test_SignedInUserCompletesPurchaseBankWirePaymentMethod(Test_SignedInUserCompletesPurchaseBankWirePaymentMethod.java:44)
java.base/jdk.internal.reflect.NativeMethodAccessorImpl.invoke0(Native Method)
java.base/jdk.internal.reflect.NativeMethodAccessorImpl.invoke(NativeMethodAccessorImpl.java:62)
java.base/jdk.internal.reflect.DelegatingMethodAccessorImpl.invoke(DelegatingMethodAccessorImpl.java:43)
org.eclipse.jdt.internal.junit4.runner.JUnit4TestReference.run(JUnit4TestReference.java:86)
org.eclipse.jdt.internal.junit.runner.TestExecution.run(TestExecution.java:38)
org.eclipse.jdt.internal.junit.runner.RemoteTestRunner.runTests(RemoteTestRunner.java:538)
org.eclipse.jdt.internal.junit.runner.RemoteTestRunner.runTests(RemoteTestRunner.java:760)
org.eclipse.jdt.internal.junit.runner.RemoteTestRunner.run(RemoteTestRunner.java:460)
org.eclipse.jdt.internal.junit.runner.RemoteTestRunner.main(RemoteTestRunner.java:206)
</system-err></testcase></testsuite>